<?xml version="1.0" encoding="UTF-8"?>
<testng-results ignored="32" total="33" passed="1" failed="0" skipped="0">
  <reporter-output>
  </reporter-output>
  <suite started-at="2025-02-25T17:27:38 IST" name="Suite" finished-at="2025-02-25T17:27:54 IST" duration-ms="16217">
    <groups>
    </groups>
    <test started-at="2025-02-25T17:27:38 IST" name="test_cases" finished-at="2025-02-25T17:27:54 IST" duration-ms="16217">
      <class name="test_cases.IM10E2ETest">
        <test-method is-config="true" signature="testSetup()[pri:0, instance:test_cases.IM10E2ETest@48a242ce]" started-at="2025-02-25T17:27:38 IST" name="testSetup" finished-at="2025-02-25T17:27:42 IST" duration-ms="4050" status="PASS">
          <reporter-output>
          </reporter-output>
        </test-method> <!-- testSetup -->
        <test-method signature="testSALogin()[pri:1, instance:test_cases.IM10E2ETest@48a242ce]" started-at="2025-02-25T17:27:42 IST" name="testSALogin" finished-at="2025-02-25T17:27:45 IST" duration-ms="2412" status="PASS">
          <reporter-output>
          </reporter-output>
        </test-method> <!-- testSALogin -->
        <test-method is-config="true" signature="testCleanup()[pri:0, instance:test_cases.IM10E2ETest@48a242ce]" started-at="2025-02-25T17:27:45 IST" name="testCleanup" finished-at="2025-02-25T17:27:54 IST" duration-ms="9691" status="PASS">
          <reporter-output>
          </reporter-output>
        </test-method> <!-- testCleanup -->
      </class> <!-- test_cases.IM10E2ETest -->
    </test> <!-- test_cases -->
  </suite> <!-- Suite -->
</testng-results>
