<?xml version="1.0" encoding="UTF-8"?>
<!-- Generated by org.testng.reporters.JUnitXMLReporter -->
<testsuite ignored="0" hostname="MESHBAPUN205" failures="0" tests="33" name="Surefire test" time="767.709" errors="0" timestamp="2024-08-26T17:33:55 IST">
  <testcase classname="test_cases.IM10E2ETest" name="testSALogin" time="2.37"/>
  <testcase classname="test_cases.IM10E2ETest" name="testSaAddUser" time="140.416"/>
  <testcase classname="test_cases.IM10E2ETest" name="testSaLogOut" time="9.262"/>
  <testcase classname="test_cases.IM10E2ETest" name="testIM10SALogin" time="2.314"/>
  <testcase classname="test_cases.IM10E2ETest" name="testIM10SAAddPlayer" time="36.004"/>
  <testcase classname="test_cases.IM10E2ETest" name="testIM10SALogOut" time="4.22"/>
  <testcase classname="test_cases.IM10E2ETest" name="testSaUserPlayer" time="156.585"/>
  <testcase classname="test_cases.IM10E2ETest" name="testSaUPLogOut" time="9.304"/>
  <testcase classname="test_cases.IM10E2ETest" name="testCALogin" time="2.31"/>
  <testcase classname="test_cases.IM10E2ETest" name="testCaAddContent" time="46.123"/>
  <testcase classname="test_cases.IM10E2ETest" name="testCaLogOutAfterAdd" time="4.235"/>
  <testcase classname="test_cases.IM10E2ETest" name="testQAApproveContent" time="16.825"/>
  <testcase classname="test_cases.IM10E2ETest" name="testQALogOutAfterApproved" time="11.296"/>
  <testcase classname="test_cases.IM10E2ETest" name="testMarketingCampaignsLogin" time="2.351"/>
  <testcase classname="test_cases.IM10E2ETest" name="testAddCampaign" time="42.17"/>
  <testcase classname="test_cases.IM10E2ETest" name="testDeleteCampaign" time="6.26"/>
  <testcase classname="test_cases.IM10E2ETest" name="testLogOutMarketingCampaigns" time="10.218"/>
  <testcase classname="test_cases.IM10E2ETest" name="testQADisapproveContent" time="14.888"/>
  <testcase classname="test_cases.IM10E2ETest" name="testQALogOutAfterDisapproved" time="9.222"/>
  <testcase classname="test_cases.IM10E2ETest" name="testCaDeleteContent" time="17.709"/>
  <testcase classname="test_cases.IM10E2ETest" name="testCaLogOut" time="4.192"/>
  <testcase classname="test_cases.IM10E2ETest" name="testSPALogin" time="2.297"/>
  <testcase classname="test_cases.IM10E2ETest" name="testAddListing" time="63.318"/>
  <testcase classname="test_cases.IM10E2ETest" name="testSPALogOut" time="4.353"/>
  <testcase classname="test_cases.IM10E2ETest" name="testEMALogin" time="2.362"/>
  <testcase classname="test_cases.IM10E2ETest" name="testEMAAddPlayerEndorse" time="18.405"/>
  <testcase classname="test_cases.IM10E2ETest" name="testEMADeletePlayerEndorsement" time="6.259"/>
  <testcase classname="test_cases.IM10E2ETest" name="testEMALogOut" time="4.183"/>
  <testcase classname="test_cases.IM10E2ETest" name="testSPADeleteListingList" time="17.771"/>
  <testcase classname="test_cases.IM10E2ETest" name="testSPALogOutAfterDelete" time="4.197"/>
  <testcase classname="test_cases.IM10E2ETest" name="testIM10SADeletePlayer" time="10.648"/>
  <testcase classname="test_cases.IM10E2ETest" name="testIM10SADeleteLogOut" time="4.204"/>
  <testcase classname="test_cases.IM10E2ETest" name="testSaDeleteMultipleUsers" time="70.597"/>
</testsuite> <!-- Surefire test -->
