<?xml version="1.0" encoding="UTF-8"?>
<!-- Generated by org.testng.reporters.JUnitXMLReporter -->
<testsuite ignored="0" hostname="MESHBAPUN205" failures="0" tests="33" name="Surefire test" time="776.866" errors="0" timestamp="2025-02-25T13:26:26 IST">
  <testcase classname="test_cases.IM10E2ETest" name="testSALogin" time="2.355"/>
  <testcase classname="test_cases.IM10E2ETest" name="testSaAddUser" time="140.471"/>
  <testcase classname="test_cases.IM10E2ETest" name="testSaLogOut" time="9.299"/>
  <testcase classname="test_cases.IM10E2ETest" name="testIM10SALogin" time="2.226"/>
  <testcase classname="test_cases.IM10E2ETest" name="testIM10SAAddPlayer" time="36.229"/>
  <testcase classname="test_cases.IM10E2ETest" name="testIM10SALogOut" time="4.279"/>
  <testcase classname="test_cases.IM10E2ETest" name="testSaUserPlayer" time="157.833"/>
  <testcase classname="test_cases.IM10E2ETest" name="testSaUPLogOut" time="9.298"/>
  <testcase classname="test_cases.IM10E2ETest" name="testCALogin" time="2.274"/>
  <testcase classname="test_cases.IM10E2ETest" name="testCaAddContent" time="47.433"/>
  <testcase classname="test_cases.IM10E2ETest" name="testCaLogOutAfterAdd" time="4.309"/>
  <testcase classname="test_cases.IM10E2ETest" name="testQAApproveContent" time="16.902"/>
  <testcase classname="test_cases.IM10E2ETest" name="testQALogOutAfterApproved" time="11.304"/>
  <testcase classname="test_cases.IM10E2ETest" name="testMarketingCampaignsLogin" time="2.256"/>
  <testcase classname="test_cases.IM10E2ETest" name="testAddCampaign" time="42.413"/>
  <testcase classname="test_cases.IM10E2ETest" name="testDeleteCampaign" time="6.324"/>
  <testcase classname="test_cases.IM10E2ETest" name="testLogOutMarketingCampaigns" time="10.31"/>
  <testcase classname="test_cases.IM10E2ETest" name="testQADisapproveContent" time="14.857"/>
  <testcase classname="test_cases.IM10E2ETest" name="testQALogOutAfterDisapproved" time="9.27"/>
  <testcase classname="test_cases.IM10E2ETest" name="testCaDeleteContent" time="17.834"/>
  <testcase classname="test_cases.IM10E2ETest" name="testCaLogOut" time="4.244"/>
  <testcase classname="test_cases.IM10E2ETest" name="testSPALogin" time="2.254"/>
  <testcase classname="test_cases.IM10E2ETest" name="testAddListing" time="63.104"/>
  <testcase classname="test_cases.IM10E2ETest" name="testSPALogOut" time="4.258"/>
  <testcase classname="test_cases.IM10E2ETest" name="testEMALogin" time="2.306"/>
  <testcase classname="test_cases.IM10E2ETest" name="testEMAAddPlayerEndorse" time="22.639"/>
  <testcase classname="test_cases.IM10E2ETest" name="testEMADeletePlayerEndorsement" time="6.347"/>
  <testcase classname="test_cases.IM10E2ETest" name="testEMALogOut" time="4.259"/>
  <testcase classname="test_cases.IM10E2ETest" name="testSPADeleteListingList" time="17.826"/>
  <testcase classname="test_cases.IM10E2ETest" name="testSPALogOutAfterDelete" time="4.323"/>
  <testcase classname="test_cases.IM10E2ETest" name="testIM10SADeletePlayer" time="10.724"/>
  <testcase classname="test_cases.IM10E2ETest" name="testIM10SADeleteLogOut" time="4.234"/>
  <testcase classname="test_cases.IM10E2ETest" name="testSaDeleteMultipleUsers" time="71.478"/>
</testsuite> <!-- Surefire test -->
