<?xml version="1.0" encoding="UTF-8"?>
<!-- Generated by org.testng.reporters.JUnitXMLReporter -->
<testsuite ignored="32" hostname="MESHBAPUN205" failures="0" tests="1" name="test_cases" time="14.879" errors="0" timestamp="2025-02-25T17:59:12 IST">
  <testcase classname="test_cases.IM10E2ETest" name="testSALogin" time="2.461"/>
  <testcase classname="test_cases.IM10E2ETest" name="testQALogOutAfterApproved" time="0.0">
    <ignored/>
  </testcase> <!-- testQALogOutAfterApproved -->
  <testcase classname="test_cases.IM10E2ETest" name="testSaAddUser" time="0.0">
    <ignored/>
  </testcase> <!-- testSaAddUser -->
  <testcase classname="test_cases.IM10E2ETest" name="testLogOutMarketingCampaigns" time="0.0">
    <ignored/>
  </testcase> <!-- testLogOutMarketingCampaigns -->
  <testcase classname="test_cases.IM10E2ETest" name="testSPALogOut" time="0.0">
    <ignored/>
  </testcase> <!-- testSPALogOut -->
  <testcase classname="test_cases.IM10E2ETest" name="testCaLogOutAfterAdd" time="0.0">
    <ignored/>
  </testcase> <!-- testCaLogOutAfterAdd -->
  <testcase classname="test_cases.IM10E2ETest" name="testEMADeletePlayerEndorsement" time="0.0">
    <ignored/>
  </testcase> <!-- testEMADeletePlayerEndorsement -->
  <testcase classname="test_cases.IM10E2ETest" name="testEMAAddPlayerEndorse" time="0.0">
    <ignored/>
  </testcase> <!-- testEMAAddPlayerEndorse -->
  <testcase classname="test_cases.IM10E2ETest" name="testIM10SADeleteLogOut" time="0.0">
    <ignored/>
  </testcase> <!-- testIM10SADeleteLogOut -->
  <testcase classname="test_cases.IM10E2ETest" name="testMarketingCampaignsLogin" time="0.0">
    <ignored/>
  </testcase> <!-- testMarketingCampaignsLogin -->
  <testcase classname="test_cases.IM10E2ETest" name="testSaLogOut" time="0.0">
    <ignored/>
  </testcase> <!-- testSaLogOut -->
  <testcase classname="test_cases.IM10E2ETest" name="testIM10SAAddPlayer" time="0.0">
    <ignored/>
  </testcase> <!-- testIM10SAAddPlayer -->
  <testcase classname="test_cases.IM10E2ETest" name="testIM10SADeletePlayer" time="0.0">
    <ignored/>
  </testcase> <!-- testIM10SADeletePlayer -->
  <testcase classname="test_cases.IM10E2ETest" name="testCaDeleteContent" time="0.0">
    <ignored/>
  </testcase> <!-- testCaDeleteContent -->
  <testcase classname="test_cases.IM10E2ETest" name="testCALogin" time="0.0">
    <ignored/>
  </testcase> <!-- testCALogin -->
  <testcase classname="test_cases.IM10E2ETest" name="testIM10SALogOut" time="0.0">
    <ignored/>
  </testcase> <!-- testIM10SALogOut -->
  <testcase classname="test_cases.IM10E2ETest" name="testAddListing" time="0.0">
    <ignored/>
  </testcase> <!-- testAddListing -->
  <testcase classname="test_cases.IM10E2ETest" name="testEMALogOut" time="0.0">
    <ignored/>
  </testcase> <!-- testEMALogOut -->
  <testcase classname="test_cases.IM10E2ETest" name="testCaLogOut" time="0.0">
    <ignored/>
  </testcase> <!-- testCaLogOut -->
  <testcase classname="test_cases.IM10E2ETest" name="testSPALogin" time="0.0">
    <ignored/>
  </testcase> <!-- testSPALogin -->
  <testcase classname="test_cases.IM10E2ETest" name="testQALogOutAfterDisapproved" time="0.0">
    <ignored/>
  </testcase> <!-- testQALogOutAfterDisapproved -->
  <testcase classname="test_cases.IM10E2ETest" name="testAddCampaign" time="0.0">
    <ignored/>
  </testcase> <!-- testAddCampaign -->
  <testcase classname="test_cases.IM10E2ETest" name="testSaUserPlayer" time="0.0">
    <ignored/>
  </testcase> <!-- testSaUserPlayer -->
  <testcase classname="test_cases.IM10E2ETest" name="testQADisapproveContent" time="0.0">
    <ignored/>
  </testcase> <!-- testQADisapproveContent -->
  <testcase classname="test_cases.IM10E2ETest" name="testSaDeleteMultipleUsers" time="0.0">
    <ignored/>
  </testcase> <!-- testSaDeleteMultipleUsers -->
  <testcase classname="test_cases.IM10E2ETest" name="testDeleteCampaign" time="0.0">
    <ignored/>
  </testcase> <!-- testDeleteCampaign -->
  <testcase classname="test_cases.IM10E2ETest" name="testEMALogin" time="0.0">
    <ignored/>
  </testcase> <!-- testEMALogin -->
  <testcase classname="test_cases.IM10E2ETest" name="testSaUPLogOut" time="0.0">
    <ignored/>
  </testcase> <!-- testSaUPLogOut -->
  <testcase classname="test_cases.IM10E2ETest" name="testSPALogOutAfterDelete" time="0.0">
    <ignored/>
  </testcase> <!-- testSPALogOutAfterDelete -->
  <testcase classname="test_cases.IM10E2ETest" name="testQAApproveContent" time="0.0">
    <ignored/>
  </testcase> <!-- testQAApproveContent -->
  <testcase classname="test_cases.IM10E2ETest" name="testIM10SALogin" time="0.0">
    <ignored/>
  </testcase> <!-- testIM10SALogin -->
  <testcase classname="test_cases.IM10E2ETest" name="testSPADeleteListingList" time="0.0">
    <ignored/>
  </testcase> <!-- testSPADeleteListingList -->
  <testcase classname="test_cases.IM10E2ETest" name="testCaAddContent" time="0.0">
    <ignored/>
  </testcase> <!-- testCaAddContent -->
</testsuite> <!-- test_cases -->
