<?xml version="1.0" encoding="UTF-8"?>
<testng-results ignored="0" total="33" passed="33" failed="0" skipped="0">
  <reporter-output>
  </reporter-output>
  <suite started-at="2024-08-26T17:21:07 IST" name="Surefire suite" finished-at="2024-08-26T17:33:55 IST" duration-ms="767709">
    <groups>
    </groups>
    <test started-at="2024-08-26T17:21:07 IST" name="Surefire test" finished-at="2024-08-26T17:33:55 IST" duration-ms="767709">
      <class name="test_cases.IM10E2ETest">
        <test-method is-config="true" signature="testSetup()[pri:0, instance:test_cases.IM10E2ETest@4386f16]" started-at="2024-08-26T17:21:07 IST" name="testSetup" finished-at="2024-08-26T17:21:11 IST" duration-ms="3601" status="PASS">
          <reporter-output>
          </reporter-output>
        </test-method> <!-- testSetup -->
        <test-method signature="testSALogin()[pri:1, instance:test_cases.IM10E2ETest@4386f16]" started-at="2024-08-26T17:21:11 IST" name="testSALogin" finished-at="2024-08-26T17:21:13 IST" duration-ms="2370" status="PASS">
          <reporter-output>
          </reporter-output>
        </test-method> <!-- testSALogin -->
        <test-method signature="testSaAddUser()[pri:2, instance:test_cases.IM10E2ETest@4386f16]" started-at="2024-08-26T17:21:13 IST" name="testSaAddUser" finished-at="2024-08-26T17:23:34 IST" duration-ms="140416" status="PASS">
          <reporter-output>
          </reporter-output>
        </test-method> <!-- testSaAddUser -->
        <test-method signature="testSaLogOut()[pri:3, instance:test_cases.IM10E2ETest@4386f16]" started-at="2024-08-26T17:23:34 IST" name="testSaLogOut" finished-at="2024-08-26T17:23:43 IST" duration-ms="9262" status="PASS">
          <reporter-output>
          </reporter-output>
        </test-method> <!-- testSaLogOut -->
        <test-method signature="testIM10SALogin()[pri:4, instance:test_cases.IM10E2ETest@4386f16]" started-at="2024-08-26T17:23:43 IST" name="testIM10SALogin" finished-at="2024-08-26T17:23:45 IST" duration-ms="2314" status="PASS">
          <reporter-output>
          </reporter-output>
        </test-method> <!-- testIM10SALogin -->
        <test-method signature="testIM10SAAddPlayer()[pri:5, instance:test_cases.IM10E2ETest@4386f16]" started-at="2024-08-26T17:23:45 IST" name="testIM10SAAddPlayer" finished-at="2024-08-26T17:24:21 IST" duration-ms="36004" status="PASS">
          <reporter-output>
          </reporter-output>
        </test-method> <!-- testIM10SAAddPlayer -->
        <test-method signature="testIM10SALogOut()[pri:6, instance:test_cases.IM10E2ETest@4386f16]" started-at="2024-08-26T17:24:21 IST" name="testIM10SALogOut" finished-at="2024-08-26T17:24:25 IST" duration-ms="4220" status="PASS">
          <reporter-output>
          </reporter-output>
        </test-method> <!-- testIM10SALogOut -->
        <test-method signature="testSaUserPlayer()[pri:7, instance:test_cases.IM10E2ETest@4386f16]" started-at="2024-08-26T17:24:25 IST" name="testSaUserPlayer" finished-at="2024-08-26T17:27:02 IST" duration-ms="156585" status="PASS">
          <reporter-output>
          </reporter-output>
        </test-method> <!-- testSaUserPlayer -->
        <test-method signature="testSaUPLogOut()[pri:8, instance:test_cases.IM10E2ETest@4386f16]" started-at="2024-08-26T17:27:02 IST" name="testSaUPLogOut" finished-at="2024-08-26T17:27:11 IST" duration-ms="9304" status="PASS">
          <reporter-output>
          </reporter-output>
        </test-method> <!-- testSaUPLogOut -->
        <test-method signature="testCALogin()[pri:9, instance:test_cases.IM10E2ETest@4386f16]" started-at="2024-08-26T17:27:11 IST" name="testCALogin" finished-at="2024-08-26T17:27:14 IST" duration-ms="2310" status="PASS">
          <reporter-output>
          </reporter-output>
        </test-method> <!-- testCALogin -->
        <test-method signature="testCaAddContent()[pri:10, instance:test_cases.IM10E2ETest@4386f16]" started-at="2024-08-26T17:27:14 IST" name="testCaAddContent" finished-at="2024-08-26T17:28:00 IST" duration-ms="46123" status="PASS">
          <reporter-output>
          </reporter-output>
        </test-method> <!-- testCaAddContent -->
        <test-method signature="testCaLogOutAfterAdd()[pri:11, instance:test_cases.IM10E2ETest@4386f16]" started-at="2024-08-26T17:28:00 IST" name="testCaLogOutAfterAdd" finished-at="2024-08-26T17:28:04 IST" duration-ms="4235" status="PASS">
          <reporter-output>
          </reporter-output>
        </test-method> <!-- testCaLogOutAfterAdd -->
        <test-method signature="testQAApproveContent()[pri:12, instance:test_cases.IM10E2ETest@4386f16]" started-at="2024-08-26T17:28:04 IST" name="testQAApproveContent" finished-at="2024-08-26T17:28:21 IST" duration-ms="16825" status="PASS">
          <reporter-output>
          </reporter-output>
        </test-method> <!-- testQAApproveContent -->
        <test-method signature="testQALogOutAfterApproved()[pri:13, instance:test_cases.IM10E2ETest@4386f16]" started-at="2024-08-26T17:28:21 IST" name="testQALogOutAfterApproved" finished-at="2024-08-26T17:28:32 IST" duration-ms="11296" status="PASS">
          <reporter-output>
          </reporter-output>
        </test-method> <!-- testQALogOutAfterApproved -->
        <test-method signature="testMarketingCampaignsLogin()[pri:14, instance:test_cases.IM10E2ETest@4386f16]" started-at="2024-08-26T17:28:32 IST" name="testMarketingCampaignsLogin" finished-at="2024-08-26T17:28:34 IST" duration-ms="2351" status="PASS">
          <reporter-output>
          </reporter-output>
        </test-method> <!-- testMarketingCampaignsLogin -->
        <test-method signature="testAddCampaign()[pri:15, instance:test_cases.IM10E2ETest@4386f16]" started-at="2024-08-26T17:28:34 IST" name="testAddCampaign" finished-at="2024-08-26T17:29:17 IST" duration-ms="42170" status="PASS">
          <reporter-output>
          </reporter-output>
        </test-method> <!-- testAddCampaign -->
        <test-method signature="testDeleteCampaign()[pri:16, instance:test_cases.IM10E2ETest@4386f16]" started-at="2024-08-26T17:29:17 IST" name="testDeleteCampaign" finished-at="2024-08-26T17:29:23 IST" duration-ms="6260" status="PASS">
          <reporter-output>
          </reporter-output>
        </test-method> <!-- testDeleteCampaign -->
        <test-method signature="testLogOutMarketingCampaigns()[pri:17, instance:test_cases.IM10E2ETest@4386f16]" started-at="2024-08-26T17:29:23 IST" name="testLogOutMarketingCampaigns" finished-at="2024-08-26T17:29:33 IST" duration-ms="10218" status="PASS">
          <reporter-output>
          </reporter-output>
        </test-method> <!-- testLogOutMarketingCampaigns -->
        <test-method signature="testQADisapproveContent()[pri:18, instance:test_cases.IM10E2ETest@4386f16]" started-at="2024-08-26T17:29:33 IST" name="testQADisapproveContent" finished-at="2024-08-26T17:29:48 IST" duration-ms="14888" status="PASS">
          <reporter-output>
          </reporter-output>
        </test-method> <!-- testQADisapproveContent -->
        <test-method signature="testQALogOutAfterDisapproved()[pri:19, instance:test_cases.IM10E2ETest@4386f16]" started-at="2024-08-26T17:29:48 IST" name="testQALogOutAfterDisapproved" finished-at="2024-08-26T17:29:57 IST" duration-ms="9222" status="PASS">
          <reporter-output>
          </reporter-output>
        </test-method> <!-- testQALogOutAfterDisapproved -->
        <test-method signature="testCaDeleteContent()[pri:20, instance:test_cases.IM10E2ETest@4386f16]" started-at="2024-08-26T17:29:57 IST" name="testCaDeleteContent" finished-at="2024-08-26T17:30:15 IST" duration-ms="17709" status="PASS">
          <reporter-output>
          </reporter-output>
        </test-method> <!-- testCaDeleteContent -->
        <test-method signature="testCaLogOut()[pri:21, instance:test_cases.IM10E2ETest@4386f16]" started-at="2024-08-26T17:30:15 IST" name="testCaLogOut" finished-at="2024-08-26T17:30:19 IST" duration-ms="4192" status="PASS">
          <reporter-output>
          </reporter-output>
        </test-method> <!-- testCaLogOut -->
        <test-method signature="testSPALogin()[pri:22, instance:test_cases.IM10E2ETest@4386f16]" started-at="2024-08-26T17:30:19 IST" name="testSPALogin" finished-at="2024-08-26T17:30:21 IST" duration-ms="2297" status="PASS">
          <reporter-output>
          </reporter-output>
        </test-method> <!-- testSPALogin -->
        <test-method signature="testAddListing()[pri:23, instance:test_cases.IM10E2ETest@4386f16]" started-at="2024-08-26T17:30:21 IST" name="testAddListing" finished-at="2024-08-26T17:31:25 IST" duration-ms="63318" status="PASS">
          <reporter-output>
          </reporter-output>
        </test-method> <!-- testAddListing -->
        <test-method signature="testSPALogOut()[pri:24, instance:test_cases.IM10E2ETest@4386f16]" started-at="2024-08-26T17:31:25 IST" name="testSPALogOut" finished-at="2024-08-26T17:31:29 IST" duration-ms="4353" status="PASS">
          <reporter-output>
          </reporter-output>
        </test-method> <!-- testSPALogOut -->
        <test-method signature="testEMALogin()[pri:25, instance:test_cases.IM10E2ETest@4386f16]" started-at="2024-08-26T17:31:29 IST" name="testEMALogin" finished-at="2024-08-26T17:31:31 IST" duration-ms="2362" status="PASS">
          <reporter-output>
          </reporter-output>
        </test-method> <!-- testEMALogin -->
        <test-method signature="testEMAAddPlayerEndorse()[pri:26, instance:test_cases.IM10E2ETest@4386f16]" started-at="2024-08-26T17:31:31 IST" name="testEMAAddPlayerEndorse" finished-at="2024-08-26T17:31:50 IST" duration-ms="18405" status="PASS">
          <reporter-output>
          </reporter-output>
        </test-method> <!-- testEMAAddPlayerEndorse -->
        <test-method signature="testEMADeletePlayerEndorsement()[pri:27, instance:test_cases.IM10E2ETest@4386f16]" started-at="2024-08-26T17:31:50 IST" name="testEMADeletePlayerEndorsement" finished-at="2024-08-26T17:31:56 IST" duration-ms="6259" status="PASS">
          <reporter-output>
          </reporter-output>
        </test-method> <!-- testEMADeletePlayerEndorsement -->
        <test-method signature="testEMALogOut()[pri:28, instance:test_cases.IM10E2ETest@4386f16]" started-at="2024-08-26T17:31:56 IST" name="testEMALogOut" finished-at="2024-08-26T17:32:00 IST" duration-ms="4183" status="PASS">
          <reporter-output>
          </reporter-output>
        </test-method> <!-- testEMALogOut -->
        <test-method signature="testSPADeleteListingList()[pri:29, instance:test_cases.IM10E2ETest@4386f16]" started-at="2024-08-26T17:32:00 IST" name="testSPADeleteListingList" finished-at="2024-08-26T17:32:18 IST" duration-ms="17771" status="PASS">
          <reporter-output>
          </reporter-output>
        </test-method> <!-- testSPADeleteListingList -->
        <test-method signature="testSPALogOutAfterDelete()[pri:30, instance:test_cases.IM10E2ETest@4386f16]" started-at="2024-08-26T17:32:18 IST" name="testSPALogOutAfterDelete" finished-at="2024-08-26T17:32:22 IST" duration-ms="4197" status="PASS">
          <reporter-output>
          </reporter-output>
        </test-method> <!-- testSPALogOutAfterDelete -->
        <test-method signature="testIM10SADeletePlayer()[pri:31, instance:test_cases.IM10E2ETest@4386f16]" started-at="2024-08-26T17:32:22 IST" name="testIM10SADeletePlayer" finished-at="2024-08-26T17:32:33 IST" duration-ms="10648" status="PASS">
          <reporter-output>
          </reporter-output>
        </test-method> <!-- testIM10SADeletePlayer -->
        <test-method signature="testIM10SADeleteLogOut()[pri:32, instance:test_cases.IM10E2ETest@4386f16]" started-at="2024-08-26T17:32:33 IST" name="testIM10SADeleteLogOut" finished-at="2024-08-26T17:32:37 IST" duration-ms="4204" status="PASS">
          <reporter-output>
          </reporter-output>
        </test-method> <!-- testIM10SADeleteLogOut -->
        <test-method signature="testSaDeleteMultipleUsers()[pri:33, instance:test_cases.IM10E2ETest@4386f16]" started-at="2024-08-26T17:32:37 IST" name="testSaDeleteMultipleUsers" finished-at="2024-08-26T17:33:48 IST" duration-ms="70597" status="PASS">
          <reporter-output>
          </reporter-output>
        </test-method> <!-- testSaDeleteMultipleUsers -->
        <test-method is-config="true" signature="testCleanup()[pri:0, instance:test_cases.IM10E2ETest@4386f16]" started-at="2024-08-26T17:33:48 IST" name="testCleanup" finished-at="2024-08-26T17:33:55 IST" duration-ms="7160" status="PASS">
          <reporter-output>
          </reporter-output>
        </test-method> <!-- testCleanup -->
      </class> <!-- test_cases.IM10E2ETest -->
    </test> <!-- Surefire test -->
  </suite> <!-- Surefire suite -->
</testng-results>
